hermesagent/AndroidAsync/build/outputs/logs/manifest-merger-debug-report.txt
-- Merging decision tree log ---
manifest
ADDED from hermesagent/AndroidAsync/AndroidManifest.xml:1:1-11:12
INJECTED from hermesagent/AndroidAsync/AndroidManifest.xml:1:1-11:12
INJECTED from hermesagent/AndroidAsync/AndroidManifest.xml:1:1-11:12
INJECTED from hermesagent/AndroidAsync/AndroidManifest.xml:1:1-11:12
INJECTED from hermesagent/AndroidAsync/AndroidManifest.xml:1:1-11:12
INJECTED from hermesagent/AndroidAsync/AndroidManifest.xml:1:1-11:12
INJECTED from hermesagent/AndroidAsync/AndroidManifest.xml:1:1-11:12
	package
		ADDED from hermesagent/AndroidAsync/AndroidManifest.xml:2:5-37
		INJECTED from hermesagent/AndroidAsync/AndroidManifest.xml
		INJECTED from hermesagent/AndroidAsync/AndroidManifest.xml
	android:versionName
		ADDED from hermesagent/AndroidAsync/AndroidManifest.xml:4:5-32
		INJECTED from hermesagent/AndroidAsync/AndroidManifest.xml
		INJECTED from hermesagent/AndroidAsync/AndroidManifest.xml
	xmlns:android
		ADDED from hermesagent/AndroidAsync/AndroidManifest.xml:1:11-69
	android:versionCode
		ADDED from hermesagent/AndroidAsync/AndroidManifest.xml:3:5-30
		INJECTED from hermesagent/AndroidAsync/AndroidManifest.xml
		INJECTED from hermesagent/AndroidAsync/AndroidManifest.xml
uses-permission#android.permission.INTERNET
ADDED from hermesagent/AndroidAsync/AndroidManifest.xml:6:5-66
	android:name
		ADDED from hermesagent/AndroidAsync/AndroidManifest.xml:6:22-64
application
ADDED from hermesagent/AndroidAsync/AndroidManifest.xml:8:5-9:19
uses-sdk
INJECTED from hermesagent/AndroidAsync/AndroidManifest.xml reason: use-sdk injection requested
INJECTED from hermesagent/AndroidAsync/AndroidManifest.xml
INJECTED from hermesagent/AndroidAsync/AndroidManifest.xml
INJECTED from hermesagent/AndroidAsync/AndroidManifest.xml
INJECTED from hermesagent/AndroidAsync/AndroidManifest.xml
	android:targetSdkVersion
		INJECTED from hermesagent/AndroidAsync/AndroidManifest.xml
		ADDED from hermesagent/AndroidAsync/AndroidManifest.xml
		INJECTED from hermesagent/AndroidAsync/AndroidManifest.xml
	android:minSdkVersion
		INJECTED from hermesagent/AndroidAsync/AndroidManifest.xml
		ADDED from hermesagent/AndroidAsync/AndroidManifest.xml
		INJECTED from hermesagent/AndroidAsync/AndroidManifest.xml